<?xml version="1.0" encoding="UTF-8"?>
<!-- Generated by org.testng.reporters.JUnitReportReporter -->
<testsuite hostname="bjorn-VirtualBox" name="com.project.Calculator_bjorn.ScientificCalculatorTest" tests="18" failures="0" timestamp="13 Dec 2017 10:53:27 GMT" time="0.117" errors="0">
  <testcase name="MathTestZeroNumb" time="0.010" classname="com.project.Calculator_bjorn.ScientificCalculatorTest"/>
  <testcase name="TanTestNegativNumb" time="0.006" classname="com.project.Calculator_bjorn.ScientificCalculatorTest"/>
  <testcase name="MathTestNegativeNumb" time="0.006" classname="com.project.Calculator_bjorn.ScientificCalculatorTest"/>
  <testcase name="MathTestPositiveNumb" time="0.004" classname="com.project.Calculator_bjorn.ScientificCalculatorTest"/>
  <testcase name="TanTestPositivNumb" time="0.007" classname="com.project.Calculator_bjorn.ScientificCalculatorTest"/>
  <testcase name="CosTestPositiveNumb" time="0.005" classname="com.project.Calculator_bjorn.ScientificCalculatorTest"/>
  <testcase name="CosTestNegativeNumb" time="0.005" classname="com.project.Calculator_bjorn.ScientificCalculatorTest"/>
  <testcase name="Math2TestPositiveNumb" time="0.007" classname="com.project.Calculator_bjorn.ScientificCalculatorTest"/>
  <testcase name="SinTestNegativeNumb" time="0.006" classname="com.project.Calculator_bjorn.ScientificCalculatorTest"/>
  <testcase name="Math2TestZeroNumbers" time="0.005" classname="com.project.Calculator_bjorn.ScientificCalculatorTest"/>
  <testcase name="CosTestZeroNumbers" time="0.006" classname="com.project.Calculator_bjorn.ScientificCalculatorTest"/>
  <testcase name="SinTestPositivNumb" time="0.006" classname="com.project.Calculator_bjorn.ScientificCalculatorTest"/>
  <testcase name="SquareTestNegativeNumb" time="0.006" classname="com.project.Calculator_bjorn.ScientificCalculatorTest"/>
  <testcase name="SquareTestZeros" time="0.000" classname="com.project.Calculator_bjorn.ScientificCalculatorTest"/>
  <testcase name="SquareTestPositive" time="0.023" classname="com.project.Calculator_bjorn.ScientificCalculatorTest"/>
  <testcase name="TanTestZeroNumb" time="0.005" classname="com.project.Calculator_bjorn.ScientificCalculatorTest"/>
  <testcase name="Math2TestNegativeNumb" time="0.005" classname="com.project.Calculator_bjorn.ScientificCalculatorTest"/>
  <testcase name="SinTestZeroNumb" time="0.005" classname="com.project.Calculator_bjorn.ScientificCalculatorTest"/>
</testsuite> <!-- com.project.Calculator_bjorn.ScientificCalculatorTest -->
