<?xml version="1.0" encoding="UTF-8"?>
<!-- Generated by org.testng.reporters.JUnitReportReporter -->
<testsuite hostname="bjorn-VirtualBox" name="com.project.Calculator_bjorn.SimpleCalculatorTest" tests="12" failures="0" timestamp="13 Dec 2017 10:53:27 GMT" time="0.264" errors="0">
  <testcase name="AdditionTestPositivNumb" time="0.032" classname="com.project.Calculator_bjorn.SimpleCalculatorTest"/>
  <testcase name="SubstractionTestNegativeNumb" time="0.014" classname="com.project.Calculator_bjorn.SimpleCalculatorTest"/>
  <testcase name="DivisionTestZeroNumb" time="0.035" classname="com.project.Calculator_bjorn.SimpleCalculatorTest"/>
  <testcase name="SubtracktTestPositivNumb" time="0.004" classname="com.project.Calculator_bjorn.SimpleCalculatorTest"/>
  <testcase name="AdditionTestZeroNumb" time="0.045" classname="com.project.Calculator_bjorn.SimpleCalculatorTest"/>
  <testcase name="AdditionTestNegativeNumb" time="0.004" classname="com.project.Calculator_bjorn.SimpleCalculatorTest"/>
  <testcase name="DivisionTestPositiveNumb" time="0.032" classname="com.project.Calculator_bjorn.SimpleCalculatorTest"/>
  <testcase name="MultiplyTestZeroNumb" time="0.003" classname="com.project.Calculator_bjorn.SimpleCalculatorTest"/>
  <testcase name="DivisionTestNegativeNumb" time="0.047" classname="com.project.Calculator_bjorn.SimpleCalculatorTest"/>
  <testcase name="MultiplyTestNegativeNumb" time="0.009" classname="com.project.Calculator_bjorn.SimpleCalculatorTest"/>
  <testcase name="MultiplyTestPositiveNumb" time="0.027" classname="com.project.Calculator_bjorn.SimpleCalculatorTest"/>
  <testcase name="SubstractionTestZeroNumb" time="0.012" classname="com.project.Calculator_bjorn.SimpleCalculatorTest"/>
</testsuite> <!-- com.project.Calculator_bjorn.SimpleCalculatorTest -->
